<?xml version="1.0" encoding="UTF-8" ?>
<testsuite errors="0" failures="0" hostname="twu-pc" name="org.matrix.ProgrammerTests" tests="1" time="0.211" timestamp="2011-09-15T09:18:47">
  <properties />
  <testcase classname="org.matrix.ProgrammerTests" name="testSomething" time="0.203" />
  <system-out><![CDATA[--Output from testSomething--
]]></system-out>
  <system-err><![CDATA[--Output from testSomething--
]]></system-err>
</testsuite>
