<?xml version="1.0" encoding="UTF-8" ?>
<testsuite errors="0" failures="0" hostname="twu-pc" name="pair.IncompleteDetailsSpec" tests="1" time="6.992" timestamp="2011-09-15T09:19:01">
  <properties />
  <testcase classname="pair.IncompleteDetailsSpec" name="should go to the view programmers page when the back button is clicked" time="6.986" />
  <system-out><![CDATA[--Output from should go to the view programmers page when the back button is clicked--
]]></system-out>
  <system-err><![CDATA[--Output from should go to the view programmers page when the back button is clicked--
]]></system-err>
</testsuite>
