<?xml version="1.0" encoding="UTF-8" ?>
<testsuite errors="0" failures="0" hostname="twu-pc" name="javascript.runner.JavascriptRunnerTest" tests="1" time="5.917" timestamp="2011-09-14T08:40:08">
  <properties />
  <testcase classname="javascript.runner.JavascriptRunnerTest" name="testJavascript" time="5.9" />
  <system-out><![CDATA[--Output from testJavascript--
]]></system-out>
  <system-err><![CDATA[--Output from testJavascript--
]]></system-err>
</testsuite>
