<?xml version="1.0" encoding="UTF-8" ?>
<testsuite errors="0" failures="0" hostname="twu-pc" name="pairingmatrix.PairMatrixTests" tests="1" time="0.019" timestamp="2011-09-15T09:18:48">
  <properties />
  <testcase classname="pairingmatrix.PairMatrixTests" name="testSomething" time="0.0070" />
  <system-out><![CDATA[--Output from testSomething--
]]></system-out>
  <system-err><![CDATA[--Output from testSomething--
]]></system-err>
</testsuite>
