<?xml version="1.0" encoding="UTF-8" ?>
<testsuite errors="0" failures="1" hostname="twu-pc" name="pair.IncompleteDetailsSpec" tests="1" time="6.701" timestamp="2011-09-15T12:02:02">
  <properties />
  <testcase classname="pair.IncompleteDetailsSpec" name="should go to the view programmers page when the back button is clicked" time="6.682">
    <failure message="geb.error.RequiredPageContentNotPresent: The required page content &apos;back - SimplePageContent (owner: IncompleteDetailsPage, args: [])&apos; is not present" type="junit.framework.AssertionFailedError">junit.framework.AssertionFailedError: geb.error.RequiredPageContentNotPresent: The required page content &apos;back - SimplePageContent (owner: IncompleteDetailsPage, args: [])&apos; is not present
	at geb.content.TemplateDerivedPageContent.require(TemplateDerivedPageContent.groovy:61)
	at geb.content.PageContentTemplate.create_closure1(PageContentTemplate.groovy:107)
	at geb.content.PageContentTemplate.create_closure1(PageContentTemplate.groovy)
	at geb.content.PageContentTemplate.create(PageContentTemplate.groovy:119)
	at geb.content.PageContentTemplate.get(PageContentTemplate.groovy:98)
	at geb.content.NavigableSupport.getContent(NavigableSupport.groovy:43)
	at geb.content.NavigableSupport.propertyMissing(NavigableSupport.groovy:127)
	at geb.Page.propertyMissing(Page.groovy)
	at geb.Page.getProperty(Page.groovy)
	at geb.Browser.propertyMissing(Browser.groovy:174)
	at geb.Browser.getProperty(Browser.groovy)
	at geb.spock.GebSpec.propertyMissing(GebSpec.groovy:55)
	at pair.IncompleteDetailsSpec.should go to the view programmers page when the back button is clicked(IncompleteDetailsSpec.groovy:15)
</failure>
  </testcase>
  <system-out><![CDATA[--Output from should go to the view programmers page when the back button is clicked--
]]></system-out>
  <system-err><![CDATA[--Output from should go to the view programmers page when the back button is clicked--
]]></system-err>
</testsuite>
