<?xml version="1.0" encoding="UTF-8" ?>
<testsuite errors="0" failures="0" hostname="twu-pc" name="programmer.ViewProgrammersSpec" tests="2" time="1.513" timestamp="2011-09-15T09:19:08">
  <properties />
  <testcase classname="programmer.ViewProgrammersSpec" name="should go to show programmers detail page on clicking the view programmer info button" time="1.079" />
  <testcase classname="programmer.ViewProgrammersSpec" name="should remain on view programmers page if a non existing id is input in the programmer id input text box" time="0.419" />
  <system-out><![CDATA[--Output from should go to show programmers detail page on clicking the view programmer info button--
--Output from should remain on view programmers page if a non existing id is input in the programmer id input text box--
]]></system-out>
  <system-err><![CDATA[--Output from should go to show programmers detail page on clicking the view programmer info button--
--Output from should remain on view programmers page if a non existing id is input in the programmer id input text box--
]]></system-err>
</testsuite>
