<?xml version="1.0" encoding="UTF-8" ?>
<testsuite errors="0" failures="0" hostname="twu-pc" name="pairingmatrix.PairMatrixTests" tests="1" time="0.0060" timestamp="2011-09-14T08:40:15">
  <properties />
  <testcase classname="pairingmatrix.PairMatrixTests" name="testSomething" time="0.0030" />
  <system-out><![CDATA[--Output from testSomething--
]]></system-out>
  <system-err><![CDATA[--Output from testSomething--
]]></system-err>
</testsuite>
