<?xml version="1.0" encoding="UTF-8" ?>
<testsuite errors="0" failures="2" hostname="twu-pc" name="org.matrix.PairControllerSpec" tests="4" time="0.932" timestamp="2011-09-15T09:18:49">
  <properties />
  <testcase classname="org.matrix.PairControllerSpec" name="should save pair" time="0.824">
    <failure message="Condition not satisfied:

Pair.count() == 1
     |       |
     0       false
" type="junit.framework.AssertionFailedError">junit.framework.AssertionFailedError: Condition not satisfied:

Pair.count() == 1
     |       |
     0       false

	at org.matrix.PairControllerSpec.should save pair(PairControllerSpec.groovy:20)
</failure>
  </testcase>
  <testcase classname="org.matrix.PairControllerSpec" name="should update pair if it already exists" time="0.033" />
  <testcase classname="org.matrix.PairControllerSpec" name="should update pair if it already exists when input is from pairing matrix" time="0.031" />
  <testcase classname="org.matrix.PairControllerSpec" name="should add pair when input is from pairing matrix" time="0.03">
    <failure message="Condition not satisfied:

Pair.count() == 1
     |       |
     0       false
" type="junit.framework.AssertionFailedError">junit.framework.AssertionFailedError: Condition not satisfied:

Pair.count() == 1
     |       |
     0       false

	at org.matrix.PairControllerSpec.should add pair when input is from pairing matrix(PairControllerSpec.groovy:68)
</failure>
  </testcase>
  <system-out><![CDATA[--Output from should save pair--
--Output from should update pair if it already exists--
--Output from should update pair if it already exists when input is from pairing matrix--
--Output from should add pair when input is from pairing matrix--
]]></system-out>
  <system-err><![CDATA[--Output from should save pair--
--Output from should update pair if it already exists--
--Output from should update pair if it already exists when input is from pairing matrix--
--Output from should add pair when input is from pairing matrix--
]]></system-err>
</testsuite>
