<?xml version="1.0" encoding="UTF-8" ?>
<testsuite errors="0" failures="0" hostname="twu-pc" name="org.matrix.ProgrammerTests" tests="1" time="0.2" timestamp="2011-09-14T08:40:14">
  <properties />
  <testcase classname="org.matrix.ProgrammerTests" name="testSomething" time="0.19" />
  <system-out><![CDATA[--Output from testSomething--
]]></system-out>
  <system-err><![CDATA[--Output from testSomething--
]]></system-err>
</testsuite>
