<?xml version="1.0" encoding="UTF-8" ?>
<testsuite errors="0" failures="0" hostname="twu-pc" name="org.matrix.ProgrammerControllerSpec" tests="2" time="0.247" timestamp="2011-09-14T08:40:15">
  <properties />
  <testcase classname="org.matrix.ProgrammerControllerSpec" name="should save programmer with Id and name" time="0.22" />
  <testcase classname="org.matrix.ProgrammerControllerSpec" name="should make the save action redirect to view programmers page" time="0.022" />
  <system-out><![CDATA[--Output from should save programmer with Id and name--
--Output from should make the save action redirect to view programmers page--
]]></system-out>
  <system-err><![CDATA[--Output from should save programmer with Id and name--
--Output from should make the save action redirect to view programmers page--
]]></system-err>
</testsuite>
